<?xml version="1.0" encoding="UTF-8"?>
<!-- Generated by org.testng.reporters.JUnitXMLReporter -->
<testsuite ignored="2" hostname="SudhaRani" failures="0" tests="1" name="Default test" time="0.092" errors="0" timestamp="2024-11-16T08:51:33 IST">
  <testcase classname="Sample.TestNGPractise" name="deleteUser" time="0.022"/>
  <testcase classname="Sample.TestNGPractise" name="createUser" time="0.0">
    <ignored/>
  </testcase> <!-- createUser -->
  <testcase classname="Sample.TestNGPractise" name="modifyUser" time="0.0">
    <ignored/>
  </testcase> <!-- modifyUser -->
</testsuite> <!-- Default test -->
