<?xml version="1.0" encoding="UTF-8"?>
<testng-results ignored="2" total="3" passed="1" failed="0" skipped="0">
  <reporter-output>
  </reporter-output>
  <suite started-at="2024-11-16T08:51:33 IST" name="Default suite" finished-at="2024-11-16T08:51:33 IST" duration-ms="92">
    <groups>
    </groups>
    <test started-at="2024-11-16T08:51:33 IST" name="Default test" finished-at="2024-11-16T08:51:33 IST" duration-ms="92">
      <class name="Sample.TestNGPractise">
        <test-method signature="deleteUser()[pri:0, instance:Sample.TestNGPractise@58d75e99]" started-at="2024-11-16T08:51:33 IST" name="deleteUser" finished-at="2024-11-16T08:51:33 IST" duration-ms="22" status="PASS">
          <reporter-output>
          </reporter-output>
        </test-method> <!-- deleteUser -->
      </class> <!-- Sample.TestNGPractise -->
    </test> <!-- Default test -->
  </suite> <!-- Default suite -->
</testng-results>
